<?xml version="1.0" encoding="UTF-8"?>
<!-- Generated by org.testng.reporters.JUnitXMLReporter -->
<testsuite ignored="0" hostname="DESKTOP-M4S1EFG" failures="0" tests="3" name="TestExcel" time="0.081" errors="0" timestamp="2025-05-24T09:43:45 PDT">
  <testcase classname="Parameterization2ExcelDemo.DataproviderExcel" name="@BeforeClass setup" time="-1.748105025697E9">
    <failure type="org.testng.TestNGException" message="
Parameter &amp;apos;browser&amp;apos; is required by BeforeClass on method setup but has not been marked @Optional or defined
in C:\Users\user\Desktop\TestNG_Framework\TestNG_ProjectMaster\TestNG_Framework_Project\src\Parameterization2ExcelDemo\Parametertestng.xml">
      <![CDATA[org.testng.TestNGException: 
Parameter 'browser' is required by BeforeClass on method setup but has not been marked @Optional or defined
in C:\Users\user\Desktop\TestNG_Framework\TestNG_ProjectMaster\TestNG_Framework_Project\src\Parameterization2ExcelDemo\Parametertestng.xml
at java.base/java.util.ArrayList.forEach(ArrayList.java:1511)
... Removed 22 stack frames]]>
    </failure>
  </testcase> <!-- @BeforeClass setup -->
  <testcase classname="Parameterization2ExcelDemo.DataproviderExcel" name="@AfterClass tearDown" time="0.0">
    <skipped/>
  </testcase> <!-- @AfterClass tearDown -->
  <testcase classname="Parameterization2ExcelDemo.DataproviderExcel" name="testLogo" time="0.0">
    <skipped/>
  </testcase> <!-- testLogo -->
  <testcase classname="Parameterization2ExcelDemo.DataproviderExcel" name="testTitle" time="0.0">
    <skipped/>
  </testcase> <!-- testTitle -->
  <testcase classname="Parameterization2ExcelDemo.DataproviderExcel" name="testURL" time="0.0">
    <skipped/>
  </testcase> <!-- testURL -->
</testsuite> <!-- TestExcel -->
