<?xml version="1.0" encoding="UTF-8"?>
<!-- Generated by org.testng.reporters.JUnitXMLReporter -->
<testsuite ignored="5" hostname="DESKTOP-M4S1EFG" failures="0" tests="3" name="AllTestRun1" time="0.075" errors="0" timestamp="2025-05-22T18:18:34 PDT">
  <testcase classname="TestNG_Package.ATBT.LoginTests" name="loginByEmail" time="0.009"/>
  <testcase classname="TestNG_Package.ATBT.LoginTests" name="loginByFacebook" time="0.002"/>
  <testcase classname="TestNG_Package.ATBT.LoginTests" name="loginBytwitter" time="0.001"/>
  <testcase classname="TestNG_Package.ATBT.SignUpTests" name="signupByEmail" time="0.0">
    <ignored/>
  </testcase> <!-- signupByEmail -->
  <testcase classname="TestNG_Package.ATBT.SignUpTests" name="signupByFacebook" time="0.0">
    <ignored/>
  </testcase> <!-- signupByFacebook -->
  <testcase classname="TestNG_Package.ATBT.paymentTests" name="paymentByRupees" time="0.0">
    <ignored/>
  </testcase> <!-- paymentByRupees -->
  <testcase classname="TestNG_Package.ATBT.paymentTests" name="paymentByDollars" time="0.0">
    <ignored/>
  </testcase> <!-- paymentByDollars -->
  <testcase classname="TestNG_Package.ATBT.SignUpTests" name="signupBytwitter" time="0.0">
    <ignored/>
  </testcase> <!-- signupBytwitter -->
</testsuite> <!-- AllTestRun1 -->
