<?xml version="1.0" encoding="UTF-8"?>
<testng-results ignored="0" total="2" passed="2" failed="0" skipped="0">
  <reporter-output>
  </reporter-output>
  <suite started-at="2025-05-21T14:28:48 PDT" name="Default suite" finished-at="2025-05-21T14:28:48 PDT" duration-ms="84">
    <groups>
    </groups>
    <test started-at="2025-05-21T14:28:48 PDT" name="Default test" finished-at="2025-05-21T14:28:48 PDT" duration-ms="84">
      <class name="TestNG_Package.Day1">
        <test-method is-config="true" signature="bus()[pri:0, instance:TestNG_Package.Day1@293a5bf6]" started-at="2025-05-21T14:28:48 PDT" name="bus" finished-at="2025-05-21T14:28:48 PDT" duration-ms="15" status="PASS">
          <reporter-output>
          </reporter-output>
        </test-method> <!-- bus -->
        <test-method signature="bike1()[pri:0, instance:TestNG_Package.Day1@293a5bf6]" started-at="2025-05-21T14:28:48 PDT" name="bike1" finished-at="2025-05-21T14:28:48 PDT" duration-ms="5" status="PASS">
          <reporter-output>
          </reporter-output>
        </test-method> <!-- bike1 -->
        <test-method signature="bike2()[pri:2, instance:TestNG_Package.Day1@293a5bf6]" started-at="2025-05-21T14:28:48 PDT" name="bike2" finished-at="2025-05-21T14:28:48 PDT" duration-ms="1" status="PASS">
          <reporter-output>
          </reporter-output>
        </test-method> <!-- bike2 -->
        <test-method is-config="true" signature="car()[pri:0, instance:TestNG_Package.Day1@293a5bf6]" started-at="2025-05-21T14:28:48 PDT" name="car" finished-at="2025-05-21T14:28:48 PDT" duration-ms="0" status="PASS">
          <reporter-output>
          </reporter-output>
        </test-method> <!-- car -->
      </class> <!-- TestNG_Package.Day1 -->
    </test> <!-- Default test -->
  </suite> <!-- Default suite -->
</testng-results>
